<?xml version="1.0" encoding="UTF-8"?>
<!-- Generated by org.testng.reporters.JUnitReportReporter -->
<testsuite skipped="0" hostname="DESKTOP-RF5JEPV" name="com.hari.appium.test" tests="1" failures="0" timestamp="17 Dec 2016 14:33:34 GMT" time="21.000" errors="0">
  <testcase name="test1" time="21.000" classname="com.hari.appium.test"/>
</testsuite> <!-- com.hari.appium.test -->
