<?xml version="1.0" encoding="UTF-8"?>
<!-- Generated by org.testng.reporters.JUnitReportReporter -->
<testsuite skipped="0" hostname="DESKTOP-RF5JEPV" name="com.hari.appium.FaceBook" tests="1" failures="0" timestamp="17 Dec 2016 15:03:02 GMT" time="19.253" errors="0">
  <testcase name="test1" time="19.253" classname="com.hari.appium.FaceBook"/>
</testsuite> <!-- com.hari.appium.FaceBook -->
